# project  configured on Thu Aug 27 13:27:23 2015 by
# waf 1.7.11 (abi 98, python 20709f0 on darwin)
# using /Users/Jack/pebble-dev/PebbleSDK-3.0/Pebble/waf configure build
#
----------------------------------------
Setting top to
/Users/Jack/Documents/Seeed/xadow_pebble/20150702b/pebbleapp_jack
----------------------------------------
Setting out to
/Users/Jack/Documents/Seeed/xadow_pebble/20150702b/pebbleapp_jack/build
----------------------------------------
Found Pebble SDK for basalt in:
/Users/Jack/pebble-dev/PebbleSDK-3.0/Pebble/basalt
----------------------------------------
Checking for program gcc,cc
arm-none-eabi-gcc
find program=['gcc', 'cc'] paths='' var='CC' -> 'arm-none-eabi-gcc'
----------------------------------------
Checking for program ar
arm-none-eabi-ar
find program=['ar'] paths='' var='AR' -> 'arm-none-eabi-ar'
